2015-08-09 22:28:29,066 DEBUG    root            Loaded Command Group: ['gcloud', 'compute']
2015-08-09 22:28:29,071 DEBUG    root            Loaded Command Group: ['gcloud', 'compute', 'routes']
2015-08-09 22:28:29,098 DEBUG    root            Loaded Command Group: ['gcloud', 'compute', 'routes', 'list']
2015-08-09 22:28:29,109 DEBUG    root            Running gcloud.compute.routes.list with Namespace(__calliope_internal_deepest_parser=ArgumentParser(prog='gcloud.compute.routes.list', usage=None, description='List routes.', version=None, formatter_class=<class 'argparse.HelpFormatter'>, conflict_handler='error', add_help=False), cmd_func=<bound method Command.Run of <googlecloudsdk.calliope.backend.Command object at 0x10e69ea10>>, command_path=['gcloud', 'compute', 'routes', 'list'], document=None, endpoint=None, format=None, h=None, help=None, http_timeout=None, limit=None, log_http=None, markdown=None, names=[], project=None, quiet=None, regexp=None, sort_by=None, trace_token=None, uri=False, user_output_enabled=None, verbosity=None, version=None).
2015-08-09 22:28:29,110 DEBUG    root            Starting batch request...
2015-08-09 22:28:29,110 DEBUG    root            Adding request: (<googlecloudapis.compute.v1.compute_v1_client.RoutesService object at 0x10e96c050>, 'List', <ComputeRoutesListRequest
 maxResults: 500
 project: 'jmd-io'>)
2015-08-09 22:28:29,110 DEBUG    root            Making batch request...
2015-08-09 22:28:29,984 DEBUG    root            Batch request done; responses [<RouteList
 id: u'projects/jmd-io/global/routes'
 items: [<Route
 creationTimestamp: u'2015-08-07T15:10:30.207-07:00'
 destRange: u'10.200.1.0/24'
 id: 667089644733226327
 kind: u'compute#route'
 name: u'default-route-10-200-1-0-24'
 network: u'https://www.googleapis.com/compute/v1/projects/jmd-io/global/networks/default'
 nextHopInstance: u'https://www.googleapis.com/compute/v1/projects/jmd-io/zones/us-central1-a/instances/node1'
 priority: 1000
 selfLink: u'https://www.googleapis.com/compute/v1/projects/jmd-io/global/routes/default-route-10-200-1-0-24'
 tags: []
 warnings: [<WarningsValueListEntry
 code: CodeValueValuesEnum(NEXT_HOP_INSTANCE_NOT_FOUND, 5)
 data: [<DataValueListEntry
 key: u'instance'
 value: u'https://www.googleapis.com/compute/v1/projects/jmd-io/zones/us-central1-a/instances/node1'>]
 message: u"Next hop instance 'https://www.googleapis.com/compute/v1/projects/jmd-io/zones/us-central1-a/instances/node1' does not exist.">]>, <Route
 creationTimestamp: u'2015-08-07T15:12:53.912-07:00'
 destRange: u'10.200.2.0/24'
 id: 6180806577729540007
 kind: u'compute#route'
 name: u'default-route-10-200-2-0-24'
 network: u'https://www.googleapis.com/compute/v1/projects/jmd-io/global/networks/default'
 nextHopInstance: u'https://www.googleapis.com/compute/v1/projects/jmd-io/zones/us-central1-f/instances/node2'
 priority: 1000
 selfLink: u'https://www.googleapis.com/compute/v1/projects/jmd-io/global/routes/default-route-10-200-2-0-24'
 tags: []
 warnings: [<WarningsValueListEntry
 code: CodeValueValuesEnum(NEXT_HOP_INSTANCE_NOT_FOUND, 5)
 data: [<DataValueListEntry
 key: u'instance'
 value: u'https://www.googleapis.com/compute/v1/projects/jmd-io/zones/us-central1-f/instances/node2'>]
 message: u"Next hop instance 'https://www.googleapis.com/compute/v1/projects/jmd-io/zones/us-central1-f/instances/node2' does not exist.">]>, <Route
 creationTimestamp: u'2015-08-07T15:18:45.684-07:00'
 destRange: u'10.200.3.0/24'
 id: 13005450145728751138L
 kind: u'compute#route'
 name: u'default-route-10-200-3-0-24'
 network: u'https://www.googleapis.com/compute/v1/projects/jmd-io/global/networks/default'
 nextHopInstance: u'https://www.googleapis.com/compute/v1/projects/jmd-io/zones/us-central1-c/instances/node3'
 priority: 1000
 selfLink: u'https://www.googleapis.com/compute/v1/projects/jmd-io/global/routes/default-route-10-200-3-0-24'
 tags: []
 warnings: []>, <Route
 creationTimestamp: u'2015-08-07T14:41:15.298-07:00'
 description: u'Default route to the Internet.'
 destRange: u'0.0.0.0/0'
 id: 16175556394780112792L
 kind: u'compute#route'
 name: u'default-route-5e986e6e9901c672'
 network: u'https://www.googleapis.com/compute/v1/projects/jmd-io/global/networks/default'
 nextHopGateway: u'https://www.googleapis.com/compute/v1/projects/jmd-io/global/gateways/default-internet-gateway'
 priority: 1000
 selfLink: u'https://www.googleapis.com/compute/v1/projects/jmd-io/global/routes/default-route-5e986e6e9901c672'
 tags: []
 warnings: []>, <Route
 creationTimestamp: u'2015-08-07T14:41:15.293-07:00'
 description: u'Default route to the virtual network.'
 destRange: u'10.240.0.0/16'
 id: 884467377758563287
 kind: u'compute#route'
 name: u'default-route-dbde1cac662ec139'
 network: u'https://www.googleapis.com/compute/v1/projects/jmd-io/global/networks/default'
 nextHopNetwork: u'https://www.googleapis.com/compute/v1/projects/jmd-io/global/networks/default'
 priority: 1000
 selfLink: u'https://www.googleapis.com/compute/v1/projects/jmd-io/global/routes/default-route-dbde1cac662ec139'
 tags: []
 warnings: []>]
 kind: u'compute#routeList'
 selfLink: u'https://www.googleapis.com/compute/v1/projects/jmd-io/global/routes'>]
2015-08-09 22:28:30,015 INFO     ___FILE_ONLY___ NAME                           NETWORK DEST_RANGE    NEXT_HOP                      PRIORITY
2015-08-09 22:28:30,015 INFO     ___FILE_ONLY___ 

2015-08-09 22:28:30,015 INFO     ___FILE_ONLY___ default-route-10-200-1-0-24    default 10.200.1.0/24 us-central1-a/instances/node1 1000
2015-08-09 22:28:30,015 INFO     ___FILE_ONLY___ 

2015-08-09 22:28:30,015 INFO     ___FILE_ONLY___ default-route-10-200-2-0-24    default 10.200.2.0/24 us-central1-f/instances/node2 1000
2015-08-09 22:28:30,015 INFO     ___FILE_ONLY___ 

2015-08-09 22:28:30,015 INFO     ___FILE_ONLY___ default-route-10-200-3-0-24    default 10.200.3.0/24 us-central1-c/instances/node3 1000
2015-08-09 22:28:30,015 INFO     ___FILE_ONLY___ 

2015-08-09 22:28:30,015 INFO     ___FILE_ONLY___ default-route-5e986e6e9901c672 default 0.0.0.0/0     default-internet-gateway      1000
2015-08-09 22:28:30,015 INFO     ___FILE_ONLY___ 

2015-08-09 22:28:30,015 INFO     ___FILE_ONLY___ default-route-dbde1cac662ec139 default 10.240.0.0/16                               1000
2015-08-09 22:28:30,016 INFO     ___FILE_ONLY___ 

