2015-08-09 22:24:13,604 DEBUG    root            Loaded Command Group: ['gcloud', 'compute']
2015-08-09 22:24:13,607 DEBUG    root            Loaded Command Group: ['gcloud', 'compute', 'instances']
2015-08-09 22:24:13,629 DEBUG    root            Loaded Command Group: ['gcloud', 'compute', 'instances', 'create']
2015-08-09 22:24:13,643 DEBUG    root            Running gcloud.compute.instances.create with Namespace(__calliope_internal_deepest_parser=ArgumentParser(prog='gcloud.compute.instances.create', usage=None, description='Create Google Compute Engine virtual machine instances.', version=None, formatter_class=<class 'argparse.HelpFormatter'>, conflict_handler='error', add_help=False), address=None, boot_disk_device_name=None, boot_disk_size=214748364800, boot_disk_type=None, can_ip_forward=True, cmd_func=<bound method Command.Run of <googlecloudsdk.calliope.backend.Command object at 0x10cc769d0>>, command_path=['gcloud', 'compute', 'instances', 'create'], description=None, disk=None, document=None, endpoint=None, format=None, h=None, help=None, http_timeout=None, image='coreos-stable-717-3-0-v20150710', image_project='coreos-cloud', local_ssd=None, log_http=None, machine_type='n1-standard-1', maintenance_policy=None, markdown=None, metadata={}, metadata_from_file={}, names=['node1'], network='default', no_address=False, no_boot_disk_auto_delete=False, no_restart_on_failure=False, no_scopes=False, preemptible=False, project=None, quiet=None, scopes=['compute-rw'], tags=None, trace_token=None, user_output_enabled=None, verbosity=None, version=None, zone=None).
2015-08-09 22:24:13,643 DEBUG    root            Starting batch request...
2015-08-09 22:24:13,643 DEBUG    root            Adding request: (<googlecloudapis.compute.v1.compute_v1_client.ZonesService object at 0x10cf7c390>, 'List', <ComputeZonesListRequest
 maxResults: 500
 project: 'jmd-io'>)
2015-08-09 22:24:13,643 DEBUG    root            Making batch request...
2015-08-09 22:24:14,139 DEBUG    root            Batch request done; responses [<ZoneList
 id: u'projects/jmd-io/zones'
 items: [<Zone
 creationTimestamp: u'2014-07-15T10:44:08.663-07:00'
 description: u'asia-east1-c'
 id: 2222
 kind: u'compute#zone'
 maintenanceWindows: []
 name: u'asia-east1-c'
 region: u'https://www.googleapis.com/compute/v1/projects/jmd-io/regions/asia-east1'
 selfLink: u'https://www.googleapis.com/compute/v1/projects/jmd-io/zones/asia-east1-c'
 status: StatusValueValuesEnum(UP, 1)>, <Zone
 creationTimestamp: u'2014-05-30T18:35:16.575-07:00'
 description: u'asia-east1-b'
 id: 2221
 kind: u'compute#zone'
 maintenanceWindows: []
 name: u'asia-east1-b'
 region: u'https://www.googleapis.com/compute/v1/projects/jmd-io/regions/asia-east1'
 selfLink: u'https://www.googleapis.com/compute/v1/projects/jmd-io/zones/asia-east1-b'
 status: StatusValueValuesEnum(UP, 1)>, <Zone
 creationTimestamp: u'2014-05-30T18:35:16.575-07:00'
 description: u'asia-east1-a'
 id: 2220
 kind: u'compute#zone'
 maintenanceWindows: []
 name: u'asia-east1-a'
 region: u'https://www.googleapis.com/compute/v1/projects/jmd-io/regions/asia-east1'
 selfLink: u'https://www.googleapis.com/compute/v1/projects/jmd-io/zones/asia-east1-a'
 status: StatusValueValuesEnum(UP, 1)>, <Zone
 creationTimestamp: u'2014-05-30T18:35:16.447-07:00'
 description: u'europe-west1-b'
 id: 2101
 kind: u'compute#zone'
 maintenanceWindows: []
 name: u'europe-west1-b'
 region: u'https://www.googleapis.com/compute/v1/projects/jmd-io/regions/europe-west1'
 selfLink: u'https://www.googleapis.com/compute/v1/projects/jmd-io/zones/europe-west1-b'
 status: StatusValueValuesEnum(UP, 1)>, <Zone
 creationTimestamp: u'2014-12-15T13:42:35.748-08:00'
 description: u'europe-west1-d'
 id: 2104
 kind: u'compute#zone'
 maintenanceWindows: []
 name: u'europe-west1-d'
 region: u'https://www.googleapis.com/compute/v1/projects/jmd-io/regions/europe-west1'
 selfLink: u'https://www.googleapis.com/compute/v1/projects/jmd-io/zones/europe-west1-d'
 status: StatusValueValuesEnum(UP, 1)>, <Zone
 creationTimestamp: u'2014-09-02T15:52:35.238-07:00'
 description: u'europe-west1-c'
 id: 2103
 kind: u'compute#zone'
 maintenanceWindows: []
 name: u'europe-west1-c'
 region: u'https://www.googleapis.com/compute/v1/projects/jmd-io/regions/europe-west1'
 selfLink: u'https://www.googleapis.com/compute/v1/projects/jmd-io/zones/europe-west1-c'
 status: StatusValueValuesEnum(UP, 1)>, <Zone
 creationTimestamp: u'2014-05-30T18:35:16.447-07:00'
 description: u'us-central1-f'
 id: 2004
 kind: u'compute#zone'
 maintenanceWindows: []
 name: u'us-central1-f'
 region: u'https://www.googleapis.com/compute/v1/projects/jmd-io/regions/us-central1'
 selfLink: u'https://www.googleapis.com/compute/v1/projects/jmd-io/zones/us-central1-f'
 status: StatusValueValuesEnum(UP, 1)>, <Zone
 creationTimestamp: u'2014-05-30T18:35:16.514-07:00'
 description: u'us-central1-b'
 id: 2001
 kind: u'compute#zone'
 maintenanceWindows: []
 name: u'us-central1-b'
 region: u'https://www.googleapis.com/compute/v1/projects/jmd-io/regions/us-central1'
 selfLink: u'https://www.googleapis.com/compute/v1/projects/jmd-io/zones/us-central1-b'
 status: StatusValueValuesEnum(UP, 1)>, <Zone
 creationTimestamp: u'2014-05-30T18:35:16.514-07:00'
 description: u'us-central1-a'
 id: 2000
 kind: u'compute#zone'
 maintenanceWindows: []
 name: u'us-central1-a'
 region: u'https://www.googleapis.com/compute/v1/projects/jmd-io/regions/us-central1'
 selfLink: u'https://www.googleapis.com/compute/v1/projects/jmd-io/zones/us-central1-a'
 status: StatusValueValuesEnum(UP, 1)>, <Zone
 creationTimestamp: u'2014-10-29T11:20:06.229-07:00'
 description: u'us-central1-c'
 id: 2002
 kind: u'compute#zone'
 maintenanceWindows: []
 name: u'us-central1-c'
 region: u'https://www.googleapis.com/compute/v1/projects/jmd-io/regions/us-central1'
 selfLink: u'https://www.googleapis.com/compute/v1/projects/jmd-io/zones/us-central1-c'
 status: StatusValueValuesEnum(UP, 1)>]
 kind: u'compute#zoneList'
 selfLink: u'https://www.googleapis.com/compute/v1/projects/jmd-io/zones'>]
