2015-08-07 14:53:40,865 DEBUG    root            Loaded Command Group: ['gcloud', 'compute']
2015-08-07 14:53:40,869 DEBUG    root            Loaded Command Group: ['gcloud', 'compute', 'instances']
2015-08-07 14:53:40,902 DEBUG    root            Loaded Command Group: ['gcloud', 'compute', 'instances', 'list']
2015-08-07 14:53:40,914 DEBUG    root            Running gcloud.compute.instances.list with Namespace(__calliope_internal_deepest_parser=ArgumentParser(prog='gcloud.compute.instances.list', usage=None, description='List Google Compute Engine virtual machine instances.', version=None, formatter_class=<class 'argparse.HelpFormatter'>, conflict_handler='error', add_help=False), cmd_func=<bound method Command.Run of <googlecloudsdk.calliope.backend.Command object at 0x1080bd9d0>>, command_path=['gcloud', 'compute', 'instances', 'list'], document=None, endpoint=None, format=None, h=None, help=None, http_timeout=None, limit=None, log_http=None, markdown=None, names=[], project=None, quiet=None, regexp=None, sort_by=None, trace_token=None, uri=False, user_output_enabled=None, verbosity=None, version=None, zones=[]).
2015-08-07 14:53:40,915 DEBUG    root            Starting batch request...
2015-08-07 14:53:40,915 DEBUG    root            Adding request: (<googlecloudapis.compute.v1.compute_v1_client.InstancesService object at 0x108370590>, 'AggregatedList', <ComputeInstancesAggregatedListRequest
 maxResults: 500
 project: 'jmd-io'>)
2015-08-07 14:53:40,915 DEBUG    root            Making batch request...
2015-08-07 14:53:42,671 DEBUG    root            Batch request done; responses [<InstanceAggregatedList
 items: <ItemsValue
 additionalProperties: [<AdditionalProperty
 key: u'zones/europe-west1-d'
 value: <InstancesScopedList
 instances: []
 warning: <WarningValue
 code: CodeValueValuesEnum(NO_RESULTS_ON_PAGE, 9)
 data: [<DataValueListEntry
 key: u'scope'
 value: u'zones/europe-west1-d'>]
 message: u"There are no results for scope 'zones/europe-west1-d' on this page.">>>, <AdditionalProperty
 key: u'zones/asia-east1-a'
 value: <InstancesScopedList
 instances: []
 warning: <WarningValue
 code: CodeValueValuesEnum(NO_RESULTS_ON_PAGE, 9)
 data: [<DataValueListEntry
 key: u'scope'
 value: u'zones/asia-east1-a'>]
 message: u"There are no results for scope 'zones/asia-east1-a' on this page.">>>, <AdditionalProperty
 key: u'zones/asia-east1-b'
 value: <InstancesScopedList
 instances: []
 warning: <WarningValue
 code: CodeValueValuesEnum(NO_RESULTS_ON_PAGE, 9)
 data: [<DataValueListEntry
 key: u'scope'
 value: u'zones/asia-east1-b'>]
 message: u"There are no results for scope 'zones/asia-east1-b' on this page.">>>, <AdditionalProperty
 key: u'zones/asia-east1-c'
 value: <InstancesScopedList
 instances: []
 warning: <WarningValue
 code: CodeValueValuesEnum(NO_RESULTS_ON_PAGE, 9)
 data: [<DataValueListEntry
 key: u'scope'
 value: u'zones/asia-east1-c'>]
 message: u"There are no results for scope 'zones/asia-east1-c' on this page.">>>, <AdditionalProperty
 key: u'zones/europe-west1-b'
 value: <InstancesScopedList
 instances: []
 warning: <WarningValue
 code: CodeValueValuesEnum(NO_RESULTS_ON_PAGE, 9)
 data: [<DataValueListEntry
 key: u'scope'
 value: u'zones/europe-west1-b'>]
 message: u"There are no results for scope 'zones/europe-west1-b' on this page.">>>, <AdditionalProperty
 key: u'zones/europe-west1-c'
 value: <InstancesScopedList
 instances: []
 warning: <WarningValue
 code: CodeValueValuesEnum(NO_RESULTS_ON_PAGE, 9)
 data: [<DataValueListEntry
 key: u'scope'
 value: u'zones/europe-west1-c'>]
 message: u"There are no results for scope 'zones/europe-west1-c' on this page.">>>, <AdditionalProperty
 key: u'zones/us-central1-a'
 value: <InstancesScopedList
 instances: [<Instance
 canIpForward: True
 cpuPlatform: u'Intel Sandy Bridge'
 creationTimestamp: u'2015-08-07T14:51:54.810-07:00'
 disks: [<AttachedDisk
 autoDelete: True
 boot: True
 deviceName: u'persistent-disk-0'
 index: 0
 interface: InterfaceValueValuesEnum(SCSI, 1)
 kind: u'compute#attachedDisk'
 licenses: []
 mode: ModeValueValuesEnum(READ_WRITE, 1)
 source: u'https://www.googleapis.com/compute/v1/projects/jmd-io/zones/us-central1-a/disks/node1'
 type: TypeValueValuesEnum(PERSISTENT, 0)>]
 id: 13589956722466666301L
 kind: u'compute#instance'
 machineType: u'https://www.googleapis.com/compute/v1/projects/jmd-io/zones/us-central1-a/machineTypes/n1-standard-1'
 metadata: <Metadata
 fingerprint: '\xac\x93b\xd7u&\x99('
 items: []
 kind: u'compute#metadata'>
 name: u'node1'
 networkInterfaces: [<NetworkInterface
 accessConfigs: [<AccessConfig
 kind: u'compute#accessConfig'
 name: u'external-nat'
 natIP: u'130.211.183.137'
 type: TypeValueValuesEnum(ONE_TO_ONE_NAT, 0)>]
 name: u'nic0'
 network: u'https://www.googleapis.com/compute/v1/projects/jmd-io/global/networks/default'
 networkIP: u'10.240.152.239'>]
 scheduling: <Scheduling
 automaticRestart: True
 onHostMaintenance: OnHostMaintenanceValueValuesEnum(MIGRATE, 0)
 preemptible: False>
 selfLink: u'https://www.googleapis.com/compute/v1/projects/jmd-io/zones/us-central1-a/instances/node1'
 serviceAccounts: [<ServiceAccount
 email: u'250307698358@developer.gserviceaccount.com'
 scopes: [u'https://www.googleapis.com/auth/compute']>]
 status: StatusValueValuesEnum(RUNNING, 1)
 tags: <Tags
 fingerprint: '\xe3e\xa6J\x90|\xad#'
 items: []>
 zone: u'https://www.googleapis.com/compute/v1/projects/jmd-io/zones/us-central1-a'>]>>, <AdditionalProperty
 key: u'zones/us-central1-c'
 value: <InstancesScopedList
 instances: [<Instance
 canIpForward: True
 cpuPlatform: u'Intel Haswell'
 creationTimestamp: u'2015-08-07T14:53:06.412-07:00'
 disks: [<AttachedDisk
 autoDelete: True
 boot: True
 deviceName: u'persistent-disk-0'
 index: 0
 interface: InterfaceValueValuesEnum(SCSI, 1)
 kind: u'compute#attachedDisk'
 licenses: []
 mode: ModeValueValuesEnum(READ_WRITE, 1)
 source: u'https://www.googleapis.com/compute/v1/projects/jmd-io/zones/us-central1-c/disks/node3'
 type: TypeValueValuesEnum(PERSISTENT, 0)>]
 id: 2422489549311835533
 kind: u'compute#instance'
 machineType: u'https://www.googleapis.com/compute/v1/projects/jmd-io/zones/us-central1-c/machineTypes/n1-standard-1'
 metadata: <Metadata
 fingerprint: '\xac\x93b\xd7u&\x99('
 items: []
 kind: u'compute#metadata'>
 name: u'node3'
 networkInterfaces: [<NetworkInterface
 accessConfigs: [<AccessConfig
 kind: u'compute#accessConfig'
 name: u'external-nat'
 natIP: u'130.211.190.77'
 type: TypeValueValuesEnum(ONE_TO_ONE_NAT, 0)>]
 name: u'nic0'
 network: u'https://www.googleapis.com/compute/v1/projects/jmd-io/global/networks/default'
 networkIP: u'10.240.48.97'>]
 scheduling: <Scheduling
 automaticRestart: True
 onHostMaintenance: OnHostMaintenanceValueValuesEnum(MIGRATE, 0)
 preemptible: False>
 selfLink: u'https://www.googleapis.com/compute/v1/projects/jmd-io/zones/us-central1-c/instances/node3'
 serviceAccounts: [<ServiceAccount
 email: u'250307698358@developer.gserviceaccount.com'
 scopes: [u'https://www.googleapis.com/auth/compute']>]
 status: StatusValueValuesEnum(RUNNING, 1)
 tags: <Tags
 fingerprint: '\xe3e\xa6J\x90|\xad#'
 items: []>
 zone: u'https://www.googleapis.com/compute/v1/projects/jmd-io/zones/us-central1-c'>]>>, <AdditionalProperty
 key: u'zones/us-central1-b'
 value: <InstancesScopedList
 instances: [<Instance
 canIpForward: True
 cpuPlatform: u'Intel Haswell'
 creationTimestamp: u'2015-08-07T14:50:41.341-07:00'
 disks: [<AttachedDisk
 autoDelete: True
 boot: True
 deviceName: u'persistent-disk-0'
 index: 0
 interface: InterfaceValueValuesEnum(SCSI, 1)
 kind: u'compute#attachedDisk'
 licenses: []
 mode: ModeValueValuesEnum(READ_WRITE, 1)
 source: u'https://www.googleapis.com/compute/v1/projects/jmd-io/zones/us-central1-b/disks/node0'
 type: TypeValueValuesEnum(PERSISTENT, 0)>]
 id: 9496646547098241654L
 kind: u'compute#instance'
 machineType: u'https://www.googleapis.com/compute/v1/projects/jmd-io/zones/us-central1-b/machineTypes/n1-standard-1'
 metadata: <Metadata
 fingerprint: '\xac\x93b\xd7u&\x99('
 items: []
 kind: u'compute#metadata'>
 name: u'node0'
 networkInterfaces: [<NetworkInterface
 accessConfigs: [<AccessConfig
 kind: u'compute#accessConfig'
 name: u'external-nat'
 natIP: u'104.154.78.123'
 type: TypeValueValuesEnum(ONE_TO_ONE_NAT, 0)>]
 name: u'nic0'
 network: u'https://www.googleapis.com/compute/v1/projects/jmd-io/global/networks/default'
 networkIP: u'10.240.231.214'>]
 scheduling: <Scheduling
 automaticRestart: True
 onHostMaintenance: OnHostMaintenanceValueValuesEnum(MIGRATE, 0)
 preemptible: False>
 selfLink: u'https://www.googleapis.com/compute/v1/projects/jmd-io/zones/us-central1-b/instances/node0'
 serviceAccounts: [<ServiceAccount
 email: u'250307698358@developer.gserviceaccount.com'
 scopes: [u'https://www.googleapis.com/auth/compute']>]
 status: StatusValueValuesEnum(RUNNING, 1)
 tags: <Tags
 fingerprint: '\xe3e\xa6J\x90|\xad#'
 items: []>
 zone: u'https://www.googleapis.com/compute/v1/projects/jmd-io/zones/us-central1-b'>]>>, <AdditionalProperty
 key: u'zones/us-central1-f'
 value: <InstancesScopedList
 instances: [<Instance
 canIpForward: True
 cpuPlatform: u'Intel Ivy Bridge'
 creationTimestamp: u'2015-08-07T14:52:24.724-07:00'
 disks: [<AttachedDisk
 autoDelete: True
 boot: True
 deviceName: u'persistent-disk-0'
 index: 0
 interface: InterfaceValueValuesEnum(SCSI, 1)
 kind: u'compute#attachedDisk'
 licenses: []
 mode: ModeValueValuesEnum(READ_WRITE, 1)
 source: u'https://www.googleapis.com/compute/v1/projects/jmd-io/zones/us-central1-f/disks/node2'
 type: TypeValueValuesEnum(PERSISTENT, 0)>]
 id: 5362776497151043978
 kind: u'compute#instance'
 machineType: u'https://www.googleapis.com/compute/v1/projects/jmd-io/zones/us-central1-f/machineTypes/n1-standard-1'
 metadata: <Metadata
 fingerprint: '\xac\x93b\xd7u&\x99('
 items: []
 kind: u'compute#metadata'>
 name: u'node2'
 networkInterfaces: [<NetworkInterface
 accessConfigs: [<AccessConfig
 kind: u'compute#accessConfig'
 name: u'external-nat'
 natIP: u'104.197.49.105'
 type: TypeValueValuesEnum(ONE_TO_ONE_NAT, 0)>]
 name: u'nic0'
 network: u'https://www.googleapis.com/compute/v1/projects/jmd-io/global/networks/default'
 networkIP: u'10.240.247.240'>]
 scheduling: <Scheduling
 automaticRestart: True
 onHostMaintenance: OnHostMaintenanceValueValuesEnum(MIGRATE, 0)
 preemptible: False>
 selfLink: u'https://www.googleapis.com/compute/v1/projects/jmd-io/zones/us-central1-f/instances/node2'
 serviceAccounts: [<ServiceAccount
 email: u'250307698358@developer.gserviceaccount.com'
 scopes: [u'https://www.googleapis.com/auth/compute']>]
 status: StatusValueValuesEnum(RUNNING, 1)
 tags: <Tags
 fingerprint: '\xe3e\xa6J\x90|\xad#'
 items: []>
 zone: u'https://www.googleapis.com/compute/v1/projects/jmd-io/zones/us-central1-f'>]>>]>
 kind: u'compute#instanceAggregatedList'
 selfLink: u'https://www.googleapis.com/compute/v1/projects/jmd-io/aggregated/instances'>]
2015-08-07 14:53:42,701 INFO     ___FILE_ONLY___ NAME  ZONE          MACHINE_TYPE  PREEMPTIBLE INTERNAL_IP    EXTERNAL_IP     STATUS
2015-08-07 14:53:42,701 INFO     ___FILE_ONLY___ 

2015-08-07 14:53:42,701 INFO     ___FILE_ONLY___ node1 us-central1-a n1-standard-1             10.240.152.239 130.211.183.137 RUNNING
2015-08-07 14:53:42,701 INFO     ___FILE_ONLY___ 

2015-08-07 14:53:42,701 INFO     ___FILE_ONLY___ node3 us-central1-c n1-standard-1             10.240.48.97   130.211.190.77  RUNNING
2015-08-07 14:53:42,701 INFO     ___FILE_ONLY___ 

2015-08-07 14:53:42,701 INFO     ___FILE_ONLY___ node0 us-central1-b n1-standard-1             10.240.231.214 104.154.78.123  RUNNING
2015-08-07 14:53:42,701 INFO     ___FILE_ONLY___ 

2015-08-07 14:53:42,701 INFO     ___FILE_ONLY___ node2 us-central1-f n1-standard-1             10.240.247.240 104.197.49.105  RUNNING
2015-08-07 14:53:42,701 INFO     ___FILE_ONLY___ 

