2015-08-07 14:58:30,952 DEBUG    root            Loaded Command Group: ['gcloud', 'compute']
2015-08-07 14:58:31,005 DEBUG    root            Loaded Command Group: ['gcloud', 'compute', 'ssh']
2015-08-07 14:58:31,021 DEBUG    root            Running gcloud.compute.ssh with Namespace(__calliope_internal_deepest_parser=ArgumentParser(prog='gcloud.compute.ssh', usage=None, description='SSH into a virtual machine instance.', version=None, formatter_class=<class 'argparse.HelpFormatter'>, conflict_handler='error', add_help=False), cmd_func=<bound method Command.Run of <googlecloudsdk.calliope.backend.Command object at 0x109c29e50>>, command=None, command_path=['gcloud', 'compute', 'ssh'], container=None, document=None, dry_run=False, endpoint=None, format=None, h=None, help=None, http_timeout=None, implementation_args=[], log_http=None, markdown=None, plain=False, project=None, quiet=None, ssh_flag=None, ssh_key_file=None, trace_token=None, user_host='node1', user_output_enabled=None, verbosity=None, version=None, zone=None).
2015-08-07 14:58:31,022 DEBUG    root            Starting batch request...
2015-08-07 14:58:31,023 DEBUG    root            Adding request: (<googlecloudapis.compute.v1.compute_v1_client.ZonesService object at 0x109e31690>, 'List', <ComputeZonesListRequest
 maxResults: 500
 project: 'jmd-io'>)
2015-08-07 14:58:31,023 DEBUG    root            Making batch request...
2015-08-07 14:58:32,459 DEBUG    root            Batch request done; responses [<ZoneList
 id: u'projects/jmd-io/zones'
 items: [<Zone
 creationTimestamp: u'2014-07-15T10:44:08.663-07:00'
 description: u'asia-east1-c'
 id: 2222
 kind: u'compute#zone'
 maintenanceWindows: []
 name: u'asia-east1-c'
 region: u'https://www.googleapis.com/compute/v1/projects/jmd-io/regions/asia-east1'
 selfLink: u'https://www.googleapis.com/compute/v1/projects/jmd-io/zones/asia-east1-c'
 status: StatusValueValuesEnum(UP, 1)>, <Zone
 creationTimestamp: u'2014-05-30T18:35:16.575-07:00'
 description: u'asia-east1-b'
 id: 2221
 kind: u'compute#zone'
 maintenanceWindows: []
 name: u'asia-east1-b'
 region: u'https://www.googleapis.com/compute/v1/projects/jmd-io/regions/asia-east1'
 selfLink: u'https://www.googleapis.com/compute/v1/projects/jmd-io/zones/asia-east1-b'
 status: StatusValueValuesEnum(UP, 1)>, <Zone
 creationTimestamp: u'2014-05-30T18:35:16.575-07:00'
 description: u'asia-east1-a'
 id: 2220
 kind: u'compute#zone'
 maintenanceWindows: []
 name: u'asia-east1-a'
 region: u'https://www.googleapis.com/compute/v1/projects/jmd-io/regions/asia-east1'
 selfLink: u'https://www.googleapis.com/compute/v1/projects/jmd-io/zones/asia-east1-a'
 status: StatusValueValuesEnum(UP, 1)>, <Zone
 creationTimestamp: u'2014-05-30T18:35:16.447-07:00'
 description: u'europe-west1-b'
 id: 2101
 kind: u'compute#zone'
 maintenanceWindows: []
 name: u'europe-west1-b'
 region: u'https://www.googleapis.com/compute/v1/projects/jmd-io/regions/europe-west1'
 selfLink: u'https://www.googleapis.com/compute/v1/projects/jmd-io/zones/europe-west1-b'
 status: StatusValueValuesEnum(UP, 1)>, <Zone
 creationTimestamp: u'2014-12-15T13:42:35.748-08:00'
 description: u'europe-west1-d'
 id: 2104
 kind: u'compute#zone'
 maintenanceWindows: []
 name: u'europe-west1-d'
 region: u'https://www.googleapis.com/compute/v1/projects/jmd-io/regions/europe-west1'
 selfLink: u'https://www.googleapis.com/compute/v1/projects/jmd-io/zones/europe-west1-d'
 status: StatusValueValuesEnum(UP, 1)>, <Zone
 creationTimestamp: u'2014-09-02T15:52:35.238-07:00'
 description: u'europe-west1-c'
 id: 2103
 kind: u'compute#zone'
 maintenanceWindows: []
 name: u'europe-west1-c'
 region: u'https://www.googleapis.com/compute/v1/projects/jmd-io/regions/europe-west1'
 selfLink: u'https://www.googleapis.com/compute/v1/projects/jmd-io/zones/europe-west1-c'
 status: StatusValueValuesEnum(UP, 1)>, <Zone
 creationTimestamp: u'2014-05-30T18:35:16.447-07:00'
 description: u'us-central1-f'
 id: 2004
 kind: u'compute#zone'
 maintenanceWindows: []
 name: u'us-central1-f'
 region: u'https://www.googleapis.com/compute/v1/projects/jmd-io/regions/us-central1'
 selfLink: u'https://www.googleapis.com/compute/v1/projects/jmd-io/zones/us-central1-f'
 status: StatusValueValuesEnum(UP, 1)>, <Zone
 creationTimestamp: u'2014-05-30T18:35:16.514-07:00'
 description: u'us-central1-b'
 id: 2001
 kind: u'compute#zone'
 maintenanceWindows: []
 name: u'us-central1-b'
 region: u'https://www.googleapis.com/compute/v1/projects/jmd-io/regions/us-central1'
 selfLink: u'https://www.googleapis.com/compute/v1/projects/jmd-io/zones/us-central1-b'
 status: StatusValueValuesEnum(UP, 1)>, <Zone
 creationTimestamp: u'2014-05-30T18:35:16.514-07:00'
 description: u'us-central1-a'
 id: 2000
 kind: u'compute#zone'
 maintenanceWindows: []
 name: u'us-central1-a'
 region: u'https://www.googleapis.com/compute/v1/projects/jmd-io/regions/us-central1'
 selfLink: u'https://www.googleapis.com/compute/v1/projects/jmd-io/zones/us-central1-a'
 status: StatusValueValuesEnum(UP, 1)>, <Zone
 creationTimestamp: u'2014-10-29T11:20:06.229-07:00'
 description: u'us-central1-c'
 id: 2002
 kind: u'compute#zone'
 maintenanceWindows: []
 name: u'us-central1-c'
 region: u'https://www.googleapis.com/compute/v1/projects/jmd-io/regions/us-central1'
 selfLink: u'https://www.googleapis.com/compute/v1/projects/jmd-io/zones/us-central1-c'
 status: StatusValueValuesEnum(UP, 1)>]
 kind: u'compute#zoneList'
 selfLink: u'https://www.googleapis.com/compute/v1/projects/jmd-io/zones'>]
2015-08-07 14:59:25,291 DEBUG    root            Starting batch request...
2015-08-07 14:59:25,291 DEBUG    root            Adding request: (<googlecloudapis.compute.v1.compute_v1_client.InstancesService object at 0x109dcad50>, 'Get', <ComputeInstancesGetRequest
 instance: 'node1'
 project: 'jmd-io'
 zone: u'us-central1-b'>)
2015-08-07 14:59:25,292 DEBUG    root            Making batch request...
2015-08-07 14:59:25,601 DEBUG    root            Error response: HttpError accessing <https://www.googleapis.com/batch>: response: <{'status': '404', 'Content-Length': '307', 'Expires': 'Fri, 07 Aug 2015 21:59:24 GMT', 'Cache-Control': 'private, max-age=0', 'Date': 'Fri, 07 Aug 2015 21:59:24 GMT', 'Content-Type': 'application/json; charset=UTF-8'}>, content <{
 "error": {
  "errors": [
   {
    "domain": "global",
    "reason": "notFound",
    "message": "The resource 'projects/jmd-io/zones/us-central1-b/instances/node1' was not found"
   }
  ],
  "code": 404,
  "message": "The resource 'projects/jmd-io/zones/us-central1-b/instances/node1' was not found"
 }
}
>
2015-08-07 14:59:25,601 DEBUG    root            Batch request done; responses [None]
2015-08-07 14:59:25,601 DEBUG    root            (gcloud.compute.ssh) Could not fetch instance:
 - The resource 'projects/jmd-io/zones/us-central1-b/instances/node1' was not found
Traceback (most recent call last):
  File "/Users/jdoyle/google-cloud-sdk/./lib/googlecloudsdk/calliope/cli.py", line 548, in Execute
    result = args.cmd_func(cli=self, args=args)
  File "/Users/jdoyle/google-cloud-sdk/./lib/googlecloudsdk/calliope/backend.py", line 1102, in Run
    result = command_instance.Run(args)
  File "/Users/jdoyle/google-cloud-sdk/./lib/googlecloudsdk/compute/subcommands/ssh.py", line 114, in Run
    external_ip_address = self.GetInstanceExternalIpAddress(instance_ref)
  File "/Users/jdoyle/google-cloud-sdk/./lib/googlecloudsdk/compute/lib/ssh_utils.py", line 359, in GetInstanceExternalIpAddress
    error_message='Could not fetch instance:')
  File "/Users/jdoyle/google-cloud-sdk/./lib/googlecloudsdk/compute/lib/utils.py", line 95, in RaiseToolException
    RaiseException(problems, calliope_exceptions.ToolException, error_message)
  File "/Users/jdoyle/google-cloud-sdk/./lib/googlecloudsdk/compute/lib/utils.py", line 107, in RaiseException
    errors))
ToolException: Could not fetch instance:
 - The resource 'projects/jmd-io/zones/us-central1-b/instances/node1' was not found

2015-08-07 14:59:25,602 ERROR    root            (gcloud.compute.ssh) Could not fetch instance:
 - The resource 'projects/jmd-io/zones/us-central1-b/instances/node1' was not found

