2015-08-07 15:07:13,821 DEBUG    root            Loaded Command Group: ['gcloud', 'compute']
2015-08-07 15:07:13,845 DEBUG    root            Loaded Command Group: ['gcloud', 'compute', 'ssh']
2015-08-07 15:07:13,858 DEBUG    root            Running gcloud.compute.ssh with Namespace(__calliope_internal_deepest_parser=ArgumentParser(prog='gcloud.compute.ssh', usage=None, description='SSH into a virtual machine instance.', version=None, formatter_class=<class 'argparse.HelpFormatter'>, conflict_handler='error', add_help=False), cmd_func=<bound method Command.Run of <googlecloudsdk.calliope.backend.Command object at 0x104449e50>>, command=None, command_path=['gcloud', 'compute', 'ssh'], container=None, document=None, dry_run=False, endpoint=None, format=None, h=None, help=None, http_timeout=None, implementation_args=[], log_http=None, markdown=None, plain=False, project=None, quiet=None, ssh_flag=None, ssh_key_file=None, trace_token=None, user_host='node3', user_output_enabled=None, verbosity=None, version=None, zone=None).
2015-08-07 15:07:13,858 DEBUG    root            Starting batch request...
2015-08-07 15:07:13,858 DEBUG    root            Adding request: (<googlecloudapis.compute.v1.compute_v1_client.ZonesService object at 0x10464f7d0>, 'List', <ComputeZonesListRequest
 maxResults: 500
 project: 'jmd-io'>)
2015-08-07 15:07:13,859 DEBUG    root            Making batch request...
2015-08-07 15:07:14,357 DEBUG    root            Batch request done; responses [<ZoneList
 id: u'projects/jmd-io/zones'
 items: [<Zone
 creationTimestamp: u'2014-07-15T10:44:08.663-07:00'
 description: u'asia-east1-c'
 id: 2222
 kind: u'compute#zone'
 maintenanceWindows: []
 name: u'asia-east1-c'
 region: u'https://www.googleapis.com/compute/v1/projects/jmd-io/regions/asia-east1'
 selfLink: u'https://www.googleapis.com/compute/v1/projects/jmd-io/zones/asia-east1-c'
 status: StatusValueValuesEnum(UP, 1)>, <Zone
 creationTimestamp: u'2014-05-30T18:35:16.575-07:00'
 description: u'asia-east1-b'
 id: 2221
 kind: u'compute#zone'
 maintenanceWindows: []
 name: u'asia-east1-b'
 region: u'https://www.googleapis.com/compute/v1/projects/jmd-io/regions/asia-east1'
 selfLink: u'https://www.googleapis.com/compute/v1/projects/jmd-io/zones/asia-east1-b'
 status: StatusValueValuesEnum(UP, 1)>, <Zone
 creationTimestamp: u'2014-05-30T18:35:16.575-07:00'
 description: u'asia-east1-a'
 id: 2220
 kind: u'compute#zone'
 maintenanceWindows: []
 name: u'asia-east1-a'
 region: u'https://www.googleapis.com/compute/v1/projects/jmd-io/regions/asia-east1'
 selfLink: u'https://www.googleapis.com/compute/v1/projects/jmd-io/zones/asia-east1-a'
 status: StatusValueValuesEnum(UP, 1)>, <Zone
 creationTimestamp: u'2014-05-30T18:35:16.447-07:00'
 description: u'europe-west1-b'
 id: 2101
 kind: u'compute#zone'
 maintenanceWindows: []
 name: u'europe-west1-b'
 region: u'https://www.googleapis.com/compute/v1/projects/jmd-io/regions/europe-west1'
 selfLink: u'https://www.googleapis.com/compute/v1/projects/jmd-io/zones/europe-west1-b'
 status: StatusValueValuesEnum(UP, 1)>, <Zone
 creationTimestamp: u'2014-12-15T13:42:35.748-08:00'
 description: u'europe-west1-d'
 id: 2104
 kind: u'compute#zone'
 maintenanceWindows: []
 name: u'europe-west1-d'
 region: u'https://www.googleapis.com/compute/v1/projects/jmd-io/regions/europe-west1'
 selfLink: u'https://www.googleapis.com/compute/v1/projects/jmd-io/zones/europe-west1-d'
 status: StatusValueValuesEnum(UP, 1)>, <Zone
 creationTimestamp: u'2014-09-02T15:52:35.238-07:00'
 description: u'europe-west1-c'
 id: 2103
 kind: u'compute#zone'
 maintenanceWindows: []
 name: u'europe-west1-c'
 region: u'https://www.googleapis.com/compute/v1/projects/jmd-io/regions/europe-west1'
 selfLink: u'https://www.googleapis.com/compute/v1/projects/jmd-io/zones/europe-west1-c'
 status: StatusValueValuesEnum(UP, 1)>, <Zone
 creationTimestamp: u'2014-05-30T18:35:16.447-07:00'
 description: u'us-central1-f'
 id: 2004
 kind: u'compute#zone'
 maintenanceWindows: []
 name: u'us-central1-f'
 region: u'https://www.googleapis.com/compute/v1/projects/jmd-io/regions/us-central1'
 selfLink: u'https://www.googleapis.com/compute/v1/projects/jmd-io/zones/us-central1-f'
 status: StatusValueValuesEnum(UP, 1)>, <Zone
 creationTimestamp: u'2014-05-30T18:35:16.514-07:00'
 description: u'us-central1-b'
 id: 2001
 kind: u'compute#zone'
 maintenanceWindows: []
 name: u'us-central1-b'
 region: u'https://www.googleapis.com/compute/v1/projects/jmd-io/regions/us-central1'
 selfLink: u'https://www.googleapis.com/compute/v1/projects/jmd-io/zones/us-central1-b'
 status: StatusValueValuesEnum(UP, 1)>, <Zone
 creationTimestamp: u'2014-05-30T18:35:16.514-07:00'
 description: u'us-central1-a'
 id: 2000
 kind: u'compute#zone'
 maintenanceWindows: []
 name: u'us-central1-a'
 region: u'https://www.googleapis.com/compute/v1/projects/jmd-io/regions/us-central1'
 selfLink: u'https://www.googleapis.com/compute/v1/projects/jmd-io/zones/us-central1-a'
 status: StatusValueValuesEnum(UP, 1)>, <Zone
 creationTimestamp: u'2014-10-29T11:20:06.229-07:00'
 description: u'us-central1-c'
 id: 2002
 kind: u'compute#zone'
 maintenanceWindows: []
 name: u'us-central1-c'
 region: u'https://www.googleapis.com/compute/v1/projects/jmd-io/regions/us-central1'
 selfLink: u'https://www.googleapis.com/compute/v1/projects/jmd-io/zones/us-central1-c'
 status: StatusValueValuesEnum(UP, 1)>]
 kind: u'compute#zoneList'
 selfLink: u'https://www.googleapis.com/compute/v1/projects/jmd-io/zones'>]
2015-08-07 15:07:25,039 DEBUG    root            Starting batch request...
2015-08-07 15:07:25,039 DEBUG    root            Adding request: (<googlecloudapis.compute.v1.compute_v1_client.InstancesService object at 0x104614e90>, 'Get', <ComputeInstancesGetRequest
 instance: 'node3'
 project: 'jmd-io'
 zone: u'us-central1-c'>)
2015-08-07 15:07:25,040 DEBUG    root            Making batch request...
2015-08-07 15:07:25,263 DEBUG    root            Batch request done; responses [<Instance
 canIpForward: True
 cpuPlatform: u'Intel Haswell'
 creationTimestamp: u'2015-08-07T14:53:06.412-07:00'
 disks: [<AttachedDisk
 autoDelete: True
 boot: True
 deviceName: u'persistent-disk-0'
 index: 0
 interface: InterfaceValueValuesEnum(SCSI, 1)
 kind: u'compute#attachedDisk'
 licenses: []
 mode: ModeValueValuesEnum(READ_WRITE, 1)
 source: u'https://www.googleapis.com/compute/v1/projects/jmd-io/zones/us-central1-c/disks/node3'
 type: TypeValueValuesEnum(PERSISTENT, 0)>]
 id: 2422489549311835533
 kind: u'compute#instance'
 machineType: u'https://www.googleapis.com/compute/v1/projects/jmd-io/zones/us-central1-c/machineTypes/n1-standard-1'
 metadata: <Metadata
 fingerprint: '\xac\x93b\xd7u&\x99('
 items: []
 kind: u'compute#metadata'>
 name: u'node3'
 networkInterfaces: [<NetworkInterface
 accessConfigs: [<AccessConfig
 kind: u'compute#accessConfig'
 name: u'external-nat'
 natIP: u'130.211.190.77'
 type: TypeValueValuesEnum(ONE_TO_ONE_NAT, 0)>]
 name: u'nic0'
 network: u'https://www.googleapis.com/compute/v1/projects/jmd-io/global/networks/default'
 networkIP: u'10.240.48.97'>]
 scheduling: <Scheduling
 automaticRestart: True
 onHostMaintenance: OnHostMaintenanceValueValuesEnum(MIGRATE, 0)
 preemptible: False>
 selfLink: u'https://www.googleapis.com/compute/v1/projects/jmd-io/zones/us-central1-c/instances/node3'
 serviceAccounts: [<ServiceAccount
 email: u'250307698358@developer.gserviceaccount.com'
 scopes: [u'https://www.googleapis.com/auth/compute']>]
 status: StatusValueValuesEnum(RUNNING, 1)
 tags: <Tags
 fingerprint: '\xe3e\xa6J\x90|\xad#'
 items: []>
 zone: u'https://www.googleapis.com/compute/v1/projects/jmd-io/zones/us-central1-c'>]
2015-08-07 15:07:25,264 DEBUG    root            Starting batch request...
2015-08-07 15:07:25,264 DEBUG    root            Adding request: (<googlecloudapis.compute.v1.compute_v1_client.ProjectsService object at 0x104631610>, 'Get', <ComputeProjectsGetRequest
 project: 'jmd-io'>)
2015-08-07 15:07:25,264 DEBUG    root            Making batch request...
2015-08-07 15:07:25,665 DEBUG    root            Batch request done; responses [<Project
 commonInstanceMetadata: <Metadata
 fingerprint: '\xad9\xd8\xb5\xc8\xb5/\xb2'
 items: [<ItemsValueListEntry
 key: u'google-compute-default-region'
 value: u'us-central1'>, <ItemsValueListEntry
 key: u'google-compute-default-zone'
 value: u'us-central1-f'>, <ItemsValueListEntry
 key: u'sshKeys'
 value: u'jdoyle:ssh-rsa AAAAB3NzaC1yc2EAAAADAQABAAABAQDbEph1Iaip67d2vwmbfxwylLmI9Jx9mgln4jMhPQumRJsXDGm4lnnvYEzfVOSEIoBRjSGWhj4KjWPcC7mKtgjT8uOIpJyavdCoih+aCQb5cB5IvIpGkuMxR7NZGm1fhFqgpFnvbj+555UGPfVrCW2cgX9jIzpGLwhQCLhIjlLjhEysPv9VowJ1jHf9z3ycfPCMWHhxT7P7DrhWYIJcQEmzkTv8k3y5eI+LXc4G3GwM8XEGtnPdGiXGQxOvm+ZQZeCGgHVfB3DUR40s8eRhN1a8HCqFbJP2sURwo5hretfbDXso5d0ZCGyhLqzWZi3wvxFzEJtoZ3r8uS16ekEtL4XH jdoyle@APP6G3QPC99130'>]
 kind: u'compute#metadata'>
 creationTimestamp: u'2015-08-07T14:41:10.630-07:00'
 id: 11119452031395524401L
 kind: u'compute#project'
 name: u'jmd-io'
 quotas: [<Quota
 limit: 1000.0
 metric: MetricValueValuesEnum(SNAPSHOTS, 15)
 usage: 0.0>, <Quota
 limit: 5.0
 metric: MetricValueValuesEnum(NETWORKS, 13)
 usage: 1.0>, <Quota
 limit: 100.0
 metric: MetricValueValuesEnum(FIREWALLS, 3)
 usage: 4.0>, <Quota
 limit: 100.0
 metric: MetricValueValuesEnum(IMAGES, 6)
 usage: 0.0>, <Quota
 limit: 1.0
 metric: MetricValueValuesEnum(STATIC_ADDRESSES, 17)
 usage: 0.0>, <Quota
 limit: 100.0
 metric: MetricValueValuesEnum(ROUTES, 14)
 usage: 2.0>, <Quota
 limit: 15.0
 metric: MetricValueValuesEnum(FORWARDING_RULES, 4)
 usage: 0.0>, <Quota
 limit: 50.0
 metric: MetricValueValuesEnum(TARGET_POOLS, 20)
 usage: 0.0>, <Quota
 limit: 50.0
 metric: MetricValueValuesEnum(HEALTH_CHECKS, 5)
 usage: 0.0>, <Quota
 limit: 23.0
 metric: MetricValueValuesEnum(IN_USE_ADDRESSES, 11)
 usage: 0.0>, <Quota
 limit: 50.0
 metric: MetricValueValuesEnum(TARGET_INSTANCES, 19)
 usage: 0.0>, <Quota
 limit: 10.0
 metric: MetricValueValuesEnum(TARGET_HTTP_PROXIES, 18)
 usage: 0.0>, <Quota
 limit: 10.0
 metric: MetricValueValuesEnum(URL_MAPS, 22)
 usage: 0.0>, <Quota
 limit: 3.0
 metric: MetricValueValuesEnum(BACKEND_SERVICES, 0)
 usage: 0.0>, <Quota
 limit: 100.0
 metric: MetricValueValuesEnum(INSTANCE_TEMPLATES, 10)
 usage: 0.0>, <Quota
 limit: 100.0
 metric: MetricValueValuesEnum(INSTANCE_GROUPS, 8)
 usage: 0.0>, <Quota
 limit: 50.0
 metric: MetricValueValuesEnum(INSTANCE_GROUP_MANAGERS, 9)
 usage: 0.0>, <Quota
 limit: 5.0
 metric: MetricValueValuesEnum(TARGET_VPN_GATEWAYS, 21)
 usage: 0.0>, <Quota
 limit: 10.0
 metric: MetricValueValuesEnum(VPN_TUNNELS, 23)
 usage: 0.0>]
 selfLink: u'https://www.googleapis.com/compute/v1/projects/jmd-io'>]
2015-08-07 15:07:25,666 DEBUG    root            Current SSH keys in project: [u'jdoyle:ssh-rsa AAAAB3NzaC1yc2EAAAADAQABAAABAQDbEph1Iaip67d2vwmbfxwylLmI9Jx9mgln4jMhPQumRJsXDGm4lnnvYEzfVOSEIoBRjSGWhj4KjWPcC7mKtgjT8uOIpJyavdCoih+aCQb5cB5IvIpGkuMxR7NZGm1fhFqgpFnvbj+555UGPfVrCW2cgX9jIzpGLwhQCLhIjlLjhEysPv9VowJ1jHf9z3ycfPCMWHhxT7P7DrhWYIJcQEmzkTv8k3y5eI+LXc4G3GwM8XEGtnPdGiXGQxOvm+ZQZeCGgHVfB3DUR40s8eRhN1a8HCqFbJP2sURwo5hretfbDXso5d0ZCGyhLqzWZi3wvxFzEJtoZ3r8uS16ekEtL4XH jdoyle@APP6G3QPC99130']
2015-08-07 15:07:25,666 DEBUG    root            /usr/bin/ssh command: /usr/bin/ssh -i /Users/jdoyle/.ssh/google_compute_engine -o UserKnownHostsFile=/dev/null -o CheckHostIP=no -o StrictHostKeyChecking=no jdoyle@130.211.190.77
